Removed Pin From Net: NetName=12V Vout Pin=U1-1
Removed Pin From Net: NetName=GND Pin=U1-3
Change Component Footprint: Designator=U1 Old Footprint=DBZ0003A_N New Footprint=NDE0003A
Change Component Comment : Designator=U1 Old Comment=LM3480IM3-5.0/NOPB New Comment=LM7905CT/NOPB
Change Managed Component Library Link : Designator=U1 Old VaultGUID=B7D15EC3-160A-466F-A46C-7801FE6295A7 New VaultGUID=B7D15EC3-160A-466F-A46C-7801FE6295A7 Old ItemGUID=015DA945-50F4-45D3-A327-3B470B4CADF6 New ItemGUID=FC57C389-4FF4-4E89-A203-E73ED0BC29DB Old RevisionGUID=FAEA96C6-101B-41E4-A450-35E3B1E5D26E New RevisionGUID=A501FA7B-7791-4805-8038-0A2535B6644E
Change component parameters: Designator = "U1" ("U1"); Footprint = "DBZ0003A_N"; UniqueID = "\MWXHAVQX" ("\MWXHAVQX")
Change component parameters (AddParameter): Name = "Code_IPC"; Value = ""; VariantName = "[No Variations]"
Change component parameters (AddParameter): Name = "Code_JEDEC"; Value = ""; VariantName = "[No Variations]"
Change component parameters (AddParameter): Name = "Code_JEITA"; Value = ""; VariantName = "[No Variations]"
Change component parameters (AddParameter): Name = "ComponentLink1Description"; Value = "Datasheet URL"; VariantName = "[No Variations]"
Change component parameters (AddParameter): Name = "ComponentLink1URL"; Value = "http://www.ti.com/general/docs/lit/getliterature.tsp?genericPartNumber=LM7905&fileType=pdf"; VariantName = "[No Variations]"
Change component parameters (AddParameter): Name = "CompType"; Value = "LDO IC"; VariantName = "[No Variations]"
Change component parameters (AddParameter): Name = "High-Reliability"; Value = ""; VariantName = "[No Variations]"
Change component parameters (AddParameter): Name = "Manufacturer"; Value = "Texas Instruments"; VariantName = "[No Variations]"
Change component parameters (AddParameter): Name = "PackageDescription"; Value = "TO-220, Molded, 3 Lead, Straight"; VariantName = "[No Variations]"
Change component parameters (AddParameter): Name = "PackageReference"; Value = "NDE0003A"; VariantName = "[No Variations]"
Change component parameters (AddParameter): Name = "PackageTopMarking"; Value = "NSUZXYTTE#*LM7905CT"; VariantName = "[No Variations]"
Change component parameters (AddParameter): Name = "PartNumber"; Value = ""; VariantName = "[No Variations]"
Change component parameters (AddParameter): Name = "PinCount"; Value = "3"; VariantName = "[No Variations]"
Change component parameters (AddParameter): Name = "PowerWise"; Value = "N"; VariantName = "[No Variations]"
Change component parameters (AddParameter): Name = "RoHS"; Value = "Y"; VariantName = "[No Variations]"
Added Pin To Net: NetName=GND Pin=U1-1
Added Pin To Net: NetName=12V Vout Pin=U1-3
