Removed Pin From Net: NetName=GND Pin=R2-1
Removed Pin From Net: NetName=GND Pin=SIgnal Input-1
Added Component: Designator=GND header(HDR1X2)
Add component (AddParameter): Name = "LatestRevisionDate"; Value = "17-Jul-2002"; VariantName = "[No Variations]"
Add component (AddParameter): Name = "LatestRevisionNote"; Value = "Re-released for DXP Platform."; VariantName = "[No Variations]"
Add component (AddParameter): Name = "Publisher"; Value = "Altium Limited"; VariantName = "[No Variations]"
Added Component: Designator=  VCC Header(HDR1X2)
Add component (AddParameter): Name = "LatestRevisionDate"; Value = "17-Jul-2002"; VariantName = "[No Variations]"
Add component (AddParameter): Name = "LatestRevisionNote"; Value = "Re-released for DXP Platform."; VariantName = "[No Variations]"
Add component (AddParameter): Name = "Publisher"; Value = "Altium Limited"; VariantName = "[No Variations]"
Added Pin To Net: NetName=GND Pin=GND header-1
Change Net Name : Old Net Name=GND New Net Name=NetAmplified output_2
Added Pin To Net: NetName=NetGND header_2 Pin=GND header-2
Added Pin To Net: NetName=NetGND header_2 Pin=R2-1
Added Pin To Net: NetName=NetGND header_2 Pin=SIgnal Input-1
Added Net: Name=NetGND header_2
Added Pin To Net: NetName=Net  VCC Header_1 Pin=  VCC Header-1
Added Pin To Net: NetName=Net  VCC Header_1 Pin=R1-2
Added Net: Name=Net  VCC Header_1
Added Pin To Net: NetName=Net  VCC Header_2 Pin=  VCC Header-2
Added Pin To Net: NetName=Net  VCC Header_2 Pin=RC-2
Added Net: Name=Net  VCC Header_2
Added Member To Class: ClassName=Sheet1 Member=Component GND header Header 2
Added Member To Class: ClassName=Sheet1 Member=Component   VCC Header Header 2
